oumen20140910/proguard/seeds.txt
com.amap.api.maps.model.CameraPosition
com.amap.api.maps.model.CameraPosition: com.amap.api.maps.model.CameraPositionCreator CREATOR
com.amap.api.maps.model.CameraPosition: com.amap.api.maps.model.LatLng target
com.amap.api.maps.model.CameraPosition: float zoom
com.amap.api.maps.model.CameraPosition: float tilt
com.amap.api.maps.model.CameraPosition: float bearing
com.amap.api.maps.model.CameraPosition: CameraPosition(com.amap.api.maps.model.LatLng,float,float,float)
com.amap.api.maps.model.CameraPosition: void writeToParcel(android.os.Parcel,int)
com.amap.api.maps.model.CameraPosition: int describeContents()
com.amap.api.maps.model.CameraPosition: int hashCode()
com.amap.api.maps.model.CameraPosition: com.amap.api.maps.model.CameraPosition fromLatLngZoom(com.amap.api.maps.model.LatLng,float)
com.amap.api.maps.model.CameraPosition: com.amap.api.maps.model.CameraPosition$Builder builder()
com.amap.api.maps.model.CameraPosition: com.amap.api.maps.model.CameraPosition$Builder builder(com.amap.api.maps.model.CameraPosition)
com.amap.api.maps.model.CameraPosition: boolean equals(java.lang.Object)
com.amap.api.maps.model.CameraPosition: java.lang.String toString()
com.amap.api.maps.model.CameraPosition: void <clinit>()
com.amap.api.maps.model.CameraPosition$Builder
com.amap.api.maps.model.CameraPosition$Builder: com.amap.api.maps.model.LatLng a
com.amap.api.maps.model.CameraPosition$Builder: float b
com.amap.api.maps.model.CameraPosition$Builder: float c
com.amap.api.maps.model.CameraPosition$Builder: float d
com.amap.api.maps.model.CameraPosition$Builder: CameraPosition$Builder()
com.amap.api.maps.model.CameraPosition$Builder: CameraPosition$Builder(com.amap.api.maps.model.CameraPosition)
com.amap.api.maps.model.CameraPosition$Builder: com.amap.api.maps.model.CameraPosition$Builder target(com.amap.api.maps.model.LatLng)
com.amap.api.maps.model.CameraPosition$Builder: com.amap.api.maps.model.CameraPosition$Builder zoom(float)
com.amap.api.maps.model.CameraPosition$Builder: com.amap.api.maps.model.CameraPosition$Builder tilt(float)
com.amap.api.maps.model.CameraPosition$Builder: com.amap.api.maps.model.CameraPosition$Builder bearing(float)
com.amap.api.maps.model.CameraPosition$Builder: com.amap.api.maps.model.CameraPosition build()
com.amap.api.maps.model.CameraPositionCreator
com.amap.api.maps.model.CameraPositionCreator: CameraPositionCreator()
com.amap.api.maps.model.CameraPositionCreator: com.amap.api.maps.model.CameraPosition createFromParcel(android.os.Parcel)
com.amap.api.maps.model.CameraPositionCreator: com.amap.api.maps.model.CameraPosition[] newArray(int)
com.amap.api.maps.model.CameraPositionCreator: java.lang.Object[] newArray(int)
com.amap.api.maps.model.CameraPositionCreator: java.lang.Object createFromParcel(android.os.Parcel)
com.amap.api.maps.model.Circle
com.amap.api.maps.model.Circle: com.amap.api.mapcore.r a
com.amap.api.maps.model.Circle: Circle(com.amap.api.mapcore.r)
com.amap.api.maps.model.Circle: void remove()
com.amap.api.maps.model.Circle: java.lang.String getId()
com.amap.api.maps.model.Circle: void setCenter(com.amap.api.maps.model.LatLng)
com.amap.api.maps.model.Circle: com.amap.api.maps.model.LatLng getCenter()
com.amap.api.maps.model.Circle: void setRadius(double)
com.amap.api.maps.model.Circle: double getRadius()
com.amap.api.maps.model.Circle: void setStrokeWidth(float)
com.amap.api.maps.model.Circle: float getStrokeWidth()
com.amap.api.maps.model.Circle: void setStrokeColor(int)
com.amap.api.maps.model.Circle: int getStrokeColor()
com.amap.api.maps.model.Circle: void setFillColor(int)
com.amap.api.maps.model.Circle: int getFillColor()
com.amap.api.maps.model.Circle: void setZIndex(float)
com.amap.api.maps.model.Circle: float getZIndex()
com.amap.api.maps.model.Circle: void setVisible(boolean)
com.amap.api.maps.model.Circle: boolean isVisible()
com.amap.api.maps.model.Circle: boolean equals(java.lang.Object)
com.amap.api.maps.model.Circle: int hashCode()