oumen20140910/proguard/mapping.txt
com.tencent.mm.sdk.openapi.SendAuth$Resp -> com.tencent.b.b.b.h:
    java.lang.String userName -> d
    java.lang.String token -> e
    int expireDate -> f
    java.lang.String state -> g
    void fromBundle(android.os.Bundle) -> a
com.tencent.mm.sdk.openapi.SendMessageToWX -> com.tencent.b.b.b.i:
com.tencent.mm.sdk.openapi.SendMessageToWX$Resp -> com.tencent.b.b.b.j:
    void fromBundle(android.os.Bundle) -> a
com.tencent.mm.sdk.openapi.ShowMessageFromWX -> com.tencent.b.b.b.k:
com.tencent.mm.sdk.openapi.ShowMessageFromWX$Req -> com.tencent.b.b.b.l:
    com.tencent.mm.sdk.openapi.WXMediaMessage message -> b
    void fromBundle(android.os.Bundle) -> a
com.tencent.mm.sdk.openapi.WXAPIFactory -> com.tencent.b.b.b.m:
    com.tencent.mm.sdk.openapi.WXAPIFactory Q -> a
    com.tencent.mm.sdk.openapi.IWXAPI createWXAPI(android.content.Context,java.lang.String) -> a
    com.tencent.mm.sdk.openapi.IWXAPI createWXAPI(android.content.Context,java.lang.String,boolean) -> a
com.tencent.mm.sdk.openapi.WXApiImplV10 -> com.tencent.b.b.b.n:
    android.content.Context R -> a
    java.lang.String S -> b
    boolean T -> c
    boolean registerApp(java.lang.String) -> a
    boolean handleIntent(android.content.Intent,com.tencent.mm.sdk.openapi.IWXAPIEventHandler) -> a
    boolean a(java.lang.String) -> b
    boolean a(android.content.pm.Signature[]) -> a
    boolean a(byte[],byte[]) -> a
com.tencent.mm.sdk.openapi.WXMediaMessage -> com.tencent.b.b.b.o:
    int sdkVer -> a
    java.lang.String title -> b
    java.lang.String description -> c
    byte[] thumbData -> d
    com.tencent.mm.sdk.openapi.WXMediaMessage$IMediaObject mediaObject -> e
com.tencent.mm.sdk.openapi.WXMediaMessage$Builder -> com.tencent.b.b.b.p:
    com.tencent.mm.sdk.openapi.WXMediaMessage fromBundle(android.os.Bundle) -> a
com.tencent.mm.sdk.openapi.WXMediaMessage$IMediaObject -> com.tencent.b.b.b.q:
    void unserialize(android.os.Bundle) -> a
com.tencent.mm.sdk.platformtools.Log -> com.tencent.b.b.c.a:
    int level -> a
    java.io.PrintStream ar -> b
    byte[] as -> c
    java.lang.String at -> d
    void e(java.lang.String,java.lang.String) -> a
    void d(java.lang.String,java.lang.String) -> b
    void e(java.lang.String,java.lang.String,java.lang.Object[]) -> a
    void d(java.lang.String,java.lang.String,java.lang.Object[]) -> b
com.tencent.mm.sdk.platformtools.LogHelper -> com.tencent.b.b.c.b:
    byte[] au -> a
    void writeToStream(java.io.PrintStream,byte[],java.lang.String,java.lang.String) -> a
com.tencent.mm.sdk.platformtools.Util -> com.tencent.b.b.c.c:
    long[] bt -> a
    java.util.TimeZone GMT -> b
    char[] bu -> c
    char[] bv -> d
    java.lang.String[] bw -> e
    boolean isNullOrNil(java.lang.String) -> a
    boolean isNullOrNil(byte[]) -> a
com.tencent.open.a.a -> com.tencent.c.a.a:
    java.lang.String a -> a
    java.lang.String b -> b
    java.lang.String c -> c
    java.lang.String d -> d
    java.lang.String e -> e
    java.lang.String f -> f
    java.lang.String g -> g
    java.lang.String h -> h
    java.lang.String i -> i
    java.lang.String a() -> a
    java.lang.String b() -> b
    java.lang.String c() -> c
    java.lang.String d() -> d
    java.lang.String e() -> e
    java.lang.String f() -> f
    java.lang.String g() -> g
    java.lang.String h() -> h
    java.lang.String i() -> i