oumen20140910/proguard/usage.txt
com.oumen.widget.dialog.ProgressDialog:
    32:34:public ProgressDialog(android.content.Context,boolean,android.content.DialogInterface$OnCancelListener)
    61:61:public android.widget.ProgressBar getProgressView()
com.oumen.widget.dialog.SingleEditorDialog:
    18:19:public SingleEditorDialog(android.content.Context,int)
    22:23:public SingleEditorDialog(android.content.Context,boolean,android.content.DialogInterface$OnCancelListener)
com.oumen.widget.dialog.TwoButtonDialog:
    31:33:public TwoButtonDialog(android.content.Context,int)
    36:38:public TwoButtonDialog(android.content.Context,boolean,android.content.DialogInterface$OnCancelListener)
    60:64:public void setSize(int,int)
com.oumen.widget.dialog.VerticalTwoButtonDialog:
    private java.lang.Object tag
    31:33:public VerticalTwoButtonDialog(android.content.Context,int)
    36:38:public VerticalTwoButtonDialog(android.content.Context,boolean,android.content.DialogInterface$OnCancelListener)
    60:64:public void setSize(int,int)
    83:83:public java.lang.Object getTag()
    87:88:public void setTag(java.lang.Object)
com.oumen.widget.downloader.DownloadTask:
    161:161:public boolean isCompleted()
    165:165:public boolean isDisconnect()
    169:169:public boolean isFailed()
    177:177:public java.lang.String getLocal()
    189:190:public void setTotal(long)
    193:198:public void reset()
com.oumen.widget.editview.BadgeView
com.oumen.widget.editview.ClearEditText:
    113:114:public void setShakeAnimation()
    124:127:public static android.view.animation.Animation shakeAnimation(int)
com.oumen.widget.ffmpeg.FFMpeg:
    public static final int DEFAULT_VIDEO_WIDTH
    public static final int DEFAULT_VIDEO_HEIGHT
    57:58:public void reset()
    69:70:public void addCommand(java.lang.String)
    140:141:public boolean checkFilePerms(java.io.File)
com.oumen.widget.file.Dir
com.oumen.widget.file.Dir$Type
com.oumen.widget.file.DirInfoView
com.oumen.widget.file.ImageData:
    private static final long serialVersionUID
    21:25:public ImageData(java.lang.String,int,boolean)
com.oumen.widget.file.PickAudioFragment
com.oumen.widget.file.PickAudioFragment$1
com.oumen.widget.file.PickAudioFragment$2
com.oumen.widget.file.PickAudioFragment$BaseAdapterImpl
com.oumen.widget.file.PickAudioFragment$Item
com.oumen.widget.file.PickDirFragment
com.oumen.widget.file.PickDirFragment$1
com.oumen.widget.file.PickDirFragment$2
com.oumen.widget.file.PickDirFragment$BaseAdapterImpl
com.oumen.widget.file.PickImageFragment:
    public static final java.lang.String PARAM_KEY_DIR
    public static final java.lang.String PARAM_KEY_MAX
    public static final java.lang.String PARAM_KEY_SELECTS
    public static final java.lang.String PARAM_KEY_SHOW_PREVIEW_BAR
    public static final java.lang.String PARAM_KEY_PREVIEW_BAR_TIP
    public static final java.lang.String PARAM_KEY_PREVIEW_BAR_COLOR
    public static final java.lang.String PARAM_KEY_PREVIEW_BUTTON_BG_RESID
    public static final java.lang.String PARAM_KEY_FINISH_BUTTON_BG_RESID
    public static final int ACTIVITY_REQUEST_CODE
com.oumen.widget.file.PickImageFragment$Callback:
    public abstract void onPreview(java.util.ArrayList)
com.oumen.widget.file.Scanner:
    private static final java.lang.String DEFAULT_QUERY_ORDER
    26:26:private Scanner()
    37:37:public static java.util.Map scanImageDirs(android.content.Context)
    45:45:public static java.util.List scanImageFiles(android.content.Context)
    49:49:public static java.lang.String getFirstImage(android.content.Context,java.lang.String)
    53:104:public static java.util.Map scanDirs(android.content.Context,android.net.Uri,java.lang.String[],java.lang.String[])
    164:208:public static java.lang.String getFirstFile(android.content.Context,android.net.Uri,java.lang.String[],java.lang.String[],java.lang.String)